DCOS TOKEN = eyJ0eXAiOiJKV1QiLCJhbGciOiJSUzI1NiJ9.eyJleHAiOjE0OTA1NTc0NDYsInVpZCI6ImFkbWluZGNvcyJ9.nMpJDtVfFFIHcAE64opuhjexUs3wImO_yk41fLLuaCPOK8aWSnPJOqxPVSd6_WlnTApAv7_1TvqU69Ma9GBJ5Dvioe6QLNN8E7W2WQ0sHXvKDGAFCJpsAZNdFAON7e-qYpkTnz7F3Z9izh5QAP_gCSjVDnhSGd-827MrgGx96XC5uomuTPEuGjwMx-ztx2w5leNo11QhUKRlQCkc-gL4XR7ILEI_Xw2a7Q0VwhPI3X41AqCbdtDfB4MbwGCpYq4JXEZUMrBTod7DRdAxgmM8K86_d1GQhDTdlE9ukZ4ifeCGyfYS2YQwL8TT-jYG1cpy4v0fUf1FC15Km5pomZLMLg
-----------------------------
DEBUG - RAW Mesos stats = {"allocator\/mesos\/roles\/eng-amgmt-spark1-role\/shares\/dominant":0.0,"allocator\/mesos\/allocation_run_ms\/p999":53.6938178559999,"allocator\/mesos\/allocation_run_ms\/p99":50.5504384,"allocator\/mesos\/allocation_run_ms\/p95":45.564032,"allocator\/mesos\/allocation_run_ms\/p90":40.775808,"allocator\/mesos\/allocation_run_ms\/max":56.372992,"allocator\/mesos\/allocation_run_ms":33.09312,"allocator\/mesos\/quota\/roles\/eng-amgmt-spark1-role\/resources\/cpus\/guarantee":4.0,"frameworks\/dev-1-gcp-test-account-fred-principal\/messages_processed":97.0,"allocator\/mesos\/quota\/roles\/eng-eng-amgmt-spark1-role\/resources\/mem\/guarantee":8192.0,"allocator\/mesos\/roles\/dev-1-gcp-test-account-testaacc-role\/shares\/dominant":0.0160714285714286,"allocator\/mesos\/offer_filters\/roles\/dev-1-gcp-test-account-fred-role\/active":0.0,"allocator\/mesos\/quota\/roles\/eng-eng-amgmt-spark1-role\/resources\/cpus\/guarantee":2.0,"registrar\/registry_size_bytes":1376.0,"allocator\/mesos\/allocation_run_ms\/p9999":56.1050745856002,"frameworks\/jenkins\/messages_processed":50349.0,"allocator\/mesos\/roles\/dev-1-gcp-test-account-kafka-84908869-role\/shares\/dominant":0.0160714285714286,"allocator\/mesos\/quota\/roles\/eng-amgmt-spark1-role\/resources\/mem\/guarantee":8192.0,"frameworks\/kafka-principal-test2\/messages_processed":34.0,"master\/messages_status_update":1184149.0,"master\/cpus_used":156.04,"frameworks\/dev-gaia-platform-services-kafka-26515263-principal\/messages_received":32.0,"master\/event_queue_http_requests":0.0,"master\/task_failed\/source_slave\/reason_executor_terminated":36.0,"frameworks\/dev-1-gcp-test-account-kafka-37977946-principal\/messages_processed":35.0,"frameworks\/dev-1-gcp-test-account-kafka-29799596-principal\/messages_received":33.0,"frameworks\/dev-1-gcp-test-account-radukafkatest3-principal\/messages_processed":33.0,"master\/slave_shutdowns_canceled":0.0,"allocator\/mesos\/offer_filters\/roles\/dev-1-gcp-test-account-kafka-94311636-role\/active":0.0,"master\/messages_resource_request":0.0,"frameworks\/dev-1-gcp-test-account-kafka-79998956-principal\/messages_processed":29.0,"master\/disk_revocable_used":0.0,"master\/frameworks_disconnected":4.0,"master\/task_lost\/source_slave\/reason_container_update_failed":1.0,"master\/messages_launch_tasks":597712.0,"master\/event_queue_messages":0.0,"master\/valid_status_update_acknowledgements":1180292.0,"allocator\/mesos\/roles\/dev-1-gcp-test-account-kafka-94311636-role\/shares\/dominant":0.0107142857142857,"master\/messages_exited_executor":131.0,"master\/slave_shutdowns_completed":0.0,"master\/slave_reregistrations":0.0,"frameworks\/dev-1-gcp-test-account-kafka-79998956-principal\/messages_received":29.0,"master\/valid_status_updates":1180292.0,"registrar\/state_store_ms\/max":4.688896,"frameworks\/dev-1-gcp-test-account-testaacc-principal\/messages_received":55.0,"allocator\/mesos\/allocation_run_ms\/min":4.420864,"master\/messages_deactivate_framework":1.0,"allocator\/mesos\/offer_filters\/roles\/eng-jpmisuk-spark1-role\/active":4.0,"master\/slave_removals":0.0,"registrar\/queued_operations":0.0,"frameworks\/dev-1-gcp-test-account-radukafkatest3-principal\/messages_received":33.0,"system\/load_1min":0.82,"master\/mem_total":1283265.0,"registrar\/state_store_ms":4.688896,"master\/messages_reregister_slave":0.0,"registrar\/state_store_ms\/p9999":4.6887757824,"frameworks\/dev-1-gcp-test-account-kafka-13677901-principal\/messages_received":24.0,"master\/cpus_revocable_used":0.0,"master\/tasks_killing":0.0,"allocator\/mesos\/roles\/eng-jpmisuk-spark1-role\/shares\/dominant":0.0,"registrar\/state_store_ms\/count":3.0,"system\/mem_total_bytes":270194712576.0,"allocator\/mesos\/offer_filters\/roles\/eng-user-marathon-role\/active":0.0,"frameworks\/dcos_eng_user_marathon\/messages_processed":56.0,"allocator\/mesos\/resources\/mem\/offered_or_allocated":302746.0,"frameworks\/dev-1-gcp-test-account-kafka-37977946-principal\/messages_received":35.0,"frameworks\/dev-1-gcp-test-account-kafka-72830783-principal\/messages_processed":33.0,"master\/slave_removals\/reason_registered":0.0,"master\/messages_suppress_offers":331379.0,"frameworks\/dev-marketplace-adamtestkafkamom-principal\/messages_processed":36.0,"allocator\/mesos\/quota\/roles\/eng-jpmisuk-spark1-role\/resources\/cpus\/guarantee":4.0,"master\/messages_status_update_acknowledgement":1180292.0,"frameworks\/dev-1-gcp-test-account-kafka-94311636-principal\/messages_received":27.0,"master\/messages_kill_task":3581.0,"frameworks\/dev-1-gcp-test-account-fredaaaakafka-principal\/messages_received":33.0,"master\/slaves_inactive":0.0,"master\/messages_revive_offers":368269.0,"master\/elected":1.0,"master\/mem_percent":0.235918535922043,"registrar\/state_store_ms\/min":3.699968,"allocator\/mesos\/resources\/cpus\/total":280.0,"system\/cpus_total":56.0,"master\/task_killed\/source_slave\/reason_executor_unregistered":6.0,"allocator\/mesos\/roles\/dev-1-gcp-test-account-kafka-13677901-role\/shares\/dominant":0.0482142857142857,"allocator\/mesos\/roles\/dev-1-gcp-test-account-fred-role\/shares\/dominant":0.0160714285714286,"allocator\/mesos\/allocation_run_ms\/p50":26.679424,"master\/cpus_total":280.0,"frameworks\/dev-1-gcp-test-account-fredaaaakafka-principal\/messages_processed":33.0,"allocator\/mesos\/event_queue_dispatches":0.0,"master\/messages_framework_to_executor":0.0,"master\/messages_executor_to_framework":0.0,"registrar\/log\/recovered":1.0,"registrar\/state_store_ms\/p999":4.687693824,"allocator\/mesos\/quota\/roles\/eng-jpmisuk-spark1-role\/resources\/cpus\/offered_or_allocated":0.0,"master\/tasks_running":130.0,"registrar\/state_store_ms\/p90":4.5686784,"master\/gpus_total":0.0,"frameworks\/kafka-principal-test2\/messages_received":34.0,"master\/task_failed\/source_slave\/reason_container_launch_failed":13465.0,"registrar\/state_store_ms\/p50":4.087808,"master\/cpus_percent":0.557285714285714,"frameworks\/dev-1-gcp-test-account-testaacc-principal\/messages_processed":55.0,"registrar\/state_store_ms\/p95":4.6287872,"master\/uptime_secs":3449754.73584102,"registrar\/state_store_ms\/p99":4.67687424,"allocator\/event_queue_dispatches":0.0,"master\/recovery_slave_removals":0.0,"allocator\/mesos\/resources\/mem\/total":1283265.0,"master\/messages_authenticate":7.0,"master\/valid_executor_to_framework_messages":0.0,"master\/slaves_connected":5.0,"master\/event_queue_dispatches":29.0,"master\/messages_update_slave":5.0,"master\/messages_register_framework":438.0,"allocator\/mesos\/quota\/roles\/eng-jpmisuk-spark1-role\/resources\/mem\/guarantee":8192.0,"allocator\/mesos\/quota\/roles\/eng-amgmt-spark1-role\/resources\/cpus\/offered_or_allocated":0.0,"system\/mem_free_bytes":204106829824.0,"allocator\/mesos\/offer_filters\/roles\/dev-1-gcp-test-account-fredaaaakafka-role\/active":0.0,"master\/gpus_percent":0.0,"frameworks\/dev-1-gcp-test-account-kafka-37233338-principal\/messages_received":30.0,"allocator\/mesos\/roles\/dev-1-gcp-test-account-kafka-37977946-role\/shares\/dominant":0.0160714285714286,"master\/slaves_disconnected":0.0,"frameworks\/dcos_marathon\/messages_processed":238454.0,"master\/slave_shutdowns_scheduled":0.0,"master\/messages_unregister_slave":0.0,"frameworks\/dev-1-gcp-test-account-kafka-94311636-principal\/messages_processed":27.0,"master\/invalid_executor_to_framework_messages":0.0,"allocator\/mesos\/offer_filters\/roles\/dev-1-gcp-test-account-kafka-13677901-role\/active":0.0,"master\/invalid_status_updates":3857.0,"master\/mem_used":302746.0,"frameworks\/dev-1-gcp-test-account-kafka-13677901-principal\/messages_processed":24.0,"master\/disk_used":880640.0,"master\/messages_register_slave":5.0,"master\/tasks_starting":0.0,"allocator\/mesos\/offer_filters\/roles\/dev-1-gcp-test-account-testaacc-role\/active":0.0,"master\/messages_decline_offers":13494326.0,"master\/tasks_staging":0.0,"frameworks\/jenkins\/messages_received":50349.0,"allocator\/mesos\/offer_filters\/roles\/eng-amgmt-spark1-role\/active":9.0,"master\/dropped_messages":3.0,"master\/disk_total":3809935.0,"master\/messages_reregister_framework":91.0,"master\/mem_revocable_total":0.0,"master\/invalid_framework_to_executor_messages":0.0,"allocator\/mesos\/allocation_run_ms\/count":1000.0,"master\/tasks_error":0.0,"allocator\/mesos\/offer_filters\/roles\/dev-1-gcp-test-account-kafka-84908869-role\/active":0.0,"allocator\/mesos\/resources\/cpus\/offered_or_allocated":156.04,"master\/frameworks_inactive":4.0,"master\/tasks_finished":166307.0,"master\/frameworks_active":46.0,"master\/slave_registrations":5.0,"frameworks\/dev-1-gcp-test-account-fred-principal\/messages_received":97.0,"master\/tasks_failed":259301.0,"system\/load_5min":0.75,"master\/invalid_status_update_acknowledgements":0.0,"master\/tasks_killed":2017.0,"master\/valid_framework_to_executor_messages":0.0,"master\/disk_percent":0.231143050996933,"allocator\/mesos\/quota\/roles\/eng-amgmt-spark1-role\/resources\/mem\/offered_or_allocated":0.0,"master\/gpus_revocable_percent":0.0,"frameworks\/dev-1-gcp-test-account-kafka-29799596-principal\/messages_processed":33.0,"allocator\/mesos\/offer_filters\/roles\/dev-1-gcp-test-account-kafka-37977946-role\/active":0.0,"master\/cpus_revocable_total":0.0,"master\/gpus_revocable_total":0.0,"allocator\/mesos\/roles\/slave_public\/shares\/dominant":0.0942857142857143,"master\/cpus_revocable_percent":0.0,"allocator\/mesos\/roles\/dev-1-gcp-test-account-fredaaaakafka-role\/shares\/dominant":0.0160714285714286,"master\/gpus_revocable_used":0.0,"master\/messages_reconcile_tasks":371263.0,"allocator\/mesos\/quota\/roles\/eng-jpmisuk-spark1-role\/resources\/mem\/offered_or_allocated":0.0,"master\/mem_revocable_used":0.0,"master\/disk_revocable_percent":0.0,"master\/mem_revocable_percent":0.0,"master\/disk_revocable_total":0.0,"allocator\/mesos\/roles\/eng-user-marathon-role\/shares\/dominant":0.306214285714286,"frameworks\/dcos_marathon\/messages_received":238454.0,"allocator\/mesos\/roles\/*\/shares\/dominant":0.0021944025590973,"allocator\/mesos\/offer_filters\/roles\/*\/active":1350.0,"system\/load_15min":0.73,"master\/slave_removals\/reason_unhealthy":0.0,"allocator\/mesos\/offer_filters\/roles\/slave_public\/active":0.0,"master\/slaves_active":5.0,"frameworks\/dcos_metronome\/messages_received":23663.0,"master\/messages_unregister_framework":35.0,"frameworks\/dcos_metronome\/messages_processed":23663.0,"frameworks\/dcos_eng_user_marathon\/messages_received":56.0,"frameworks\/dev-1-gcp-test-account-kafka-86507801-principal\/messages_received":1249.0,"frameworks\/dev-1-gcp-test-account-kafka-86507801-principal\/messages_processed":1249.0,"master\/tasks_lost":583.0,"master\/task_killed\/source_master\/reason_framework_removed":200.0,"frameworks\/dev-1-gcp-test-account-kafka-84908869-principal\/messages_received":36.0,"master\/slave_removals\/reason_unregistered":0.0,"frameworks\/dev-marketplace-adamtestkafkamom-principal\/messages_received":36.0,"allocator\/mesos\/roles\/dev-marketplace-adamtestkafkamom-role\/shares\/dominant":0.0160714285714286,"frameworks\/dev-1-gcp-test-account-kafka-58050681-principal\/messages_processed":33.0,"allocator\/mesos\/offer_filters\/roles\/dev-marketplace-adamtestkafkamom-role\/active":0.0,"master\/task_lost\/source_master\/reason_invalid_offers":582.0,"frameworks\/dev-1-gcp-test-account-kafka-16894990-principal\/messages_processed":34.0,"allocator\/mesos\/resources\/disk\/total":3809935.0,"master\/frameworks_connected":46.0,"frameworks\/dev-3-gcp-test-account-adamtestkafkazoo-principal\/messages_received":36.0,"log\/recovered":1.0,"frameworks\/dev-3-gcp-test-account-adamtestkafkazoo-principal\/messages_processed":36.0,"frameworks\/dev-1-gcp-test-account-kafka-18199200-principal\/messages_received":36.0,"frameworks\/dev-1-gcp-test-account-kafka-18199200-principal\/messages_processed":36.0,"frameworks\/dev-1-gcp-test-account-kafka-37233338-principal\/messages_processed":30.0,"allocator\/mesos\/allocation_runs":3744960.0,"frameworks\/dev-1-gcp-test-account-kafka-16894990-principal\/messages_received":34.0,"master\/gpus_used":0.0,"registrar\/state_fetch_ms":17723.83488,"frameworks\/dev-1-gcp-test-account-kafka-49810287-principal\/messages_processed":1556.0,"frameworks\/dev-1-gcp-test-account-kafka-84908869-principal\/messages_processed":36.0,"frameworks\/dev-gaia-platform-services-kafka-26515263-principal\/messages_processed":32.0,"master\/outstanding_offers":0.0,"master\/task_failed\/source_slave\/reason_container_limitation_memory":62.0,"frameworks\/dev-1-gcp-test-account-kafka-72830783-principal\/messages_received":33.0,"frameworks\/dev-1-gcp-test-account-kafka-58050681-principal\/messages_received":33.0,"allocator\/mesos\/resources\/disk\/offered_or_allocated":880640.0,"frameworks\/dev-1-gcp-test-account-kafka-49810287-principal\/messages_received":1556.0}

=======================================================
MESOS Metrics Snapshot
  MEMORY
    DCOS Mesos mem_total = 1283265 MB
    DCOS Mesos mem_used = 302746.0 MB
    DCOS Mesos mem_percent = 23.59 %
  CPU
    DCOS Mesos cpu_total = 280 Cores
    DCOS Mesos cpu_used = 156.04 Cores
    DCOS Mesos cpu_percent = 55.73 %
  DISK
    DCOS Mesos disk_total = 3809935 MB
    DCOS Mesos disk_used = 880640 MB
    DCOS Mesos disk_percent = 23.11 %
  FRAMEWORKS
    DCOS Mesos Connected Frameworks = 46 
    DCOS Mesos Active Frameworks = 46 
  AGENTS
    DCOS Mesos Active Agents = 5 
    DCOS Mesos Connected Agents = 5 

=======================================================
MESOS ROLES Information
['dev-1-gcp-test-account-fred-role', 'dev-1-gcp-test-account-fredaaaakafka-role', 'dev-1-gcp-test-account-kafka-13677901-role', 'dev-1-gcp-test-account-kafka-37977946-role', 'dev-1-gcp-test-account-kafka-84908869-role', 'dev-1-gcp-test-account-kafka-94311636-role', 'dev-1-gcp-test-account-testaacc-role', 'dev-marketplace-adamtestkafkamom-role', 'eng-amgmt-spark1-role', 'eng-jpmisuk-spark1-role', 'eng-user-marathon-role', 'slave_public']

=======================================================
MESOS AGENTS Information
Found Mesos Agents

-----------------------------------------------------------------------------------------------------
Agent ID: 12e2ae05-98a2-4b6d-937c-4371fdbd9a47-S4    Hostname: 169.121.214.66
 Configured CPU = 56
 Configured MEM = 256653
 Configured DISK = 761987
 Configured GPUs = 0
-----------------------------
Mesos Role:   slave_public
  Reserved CPUS = 56.0
  Reserved MEM = 256709.0
  Reserved DISK = 761987.0

-----------------------------------------------------------------------------------------------------
Agent ID: 12e2ae05-98a2-4b6d-937c-4371fdbd9a47-S3    Hostname: 169.121.214.130
 Configured CPU = 56
 Configured MEM = 256653
 Configured DISK = 761987
 Configured GPUs = 0
-----------------------------
Mesos Role:   dev-marketplace-adamtestkafkamom-role
  Reserved CPUS = 1.5
  Reserved MEM = 257.5
  Reserved DISK = 5001.5
-----------------------------
Mesos Role:   dev-1-gcp-test-account-kafka-13677901-role
  Reserved CPUS = 4.5
  Reserved MEM = 16384.0
  Reserved DISK = 4006.5
-----------------------------
Mesos Role:   dev-1-gcp-test-account-kafka-94311636-role
  Reserved CPUS = 1.5
  Reserved MEM = 257.5
  Reserved DISK = 2002.0
-----------------------------
Mesos Role:   dev-1-gcp-test-account-fred-role
  Reserved CPUS = 1.5
  Reserved MEM = 2304.5
  Reserved DISK = 5000.5
-----------------------------
Mesos Role:   dev-1-gcp-test-account-kafka-84908869-role
  Reserved CPUS = 1.5
  Reserved MEM = 257.5
  Reserved DISK = 2002.0
-----------------------------
Mesos Role:   dev-1-gcp-test-account-kafka-37977946-role
  Reserved CPUS = 1.5
  Reserved MEM = 2049.5
  Reserved DISK = 2002.5
-----------------------------
Mesos Role:   eng-user-marathon-role
  Reserved CPUS = 8.0
  Reserved MEM = 2056.0
  Reserved DISK = 16392.0
-----------------------------
Mesos Role:   dev-1-gcp-test-account-kafka-34955728-role
  Reserved CPUS = 1.5
  Reserved MEM = 257.5
  Reserved DISK = 2002.0

-----------------------------------------------------------------------------------------------------
Agent ID: 12e2ae05-98a2-4b6d-937c-4371fdbd9a47-S2    Hostname: 169.121.214.99
 Configured CPU = 56
 Configured MEM = 256653
 Configured DISK = 761987
 Configured GPUs = 0
-----------------------------
Mesos Role:   dev-1-gcp-test-account-testaacc-role
  Reserved CPUS = 1.5
  Reserved MEM = 257.5
  Reserved DISK = 5001.5
-----------------------------
Mesos Role:   dev-marketplace-adamtestkafkamom-role
  Reserved CPUS = 1.5
  Reserved MEM = 257.5
  Reserved DISK = 5001.5
-----------------------------
Mesos Role:   dev-1-gcp-test-account-kafka-13677901-role
  Reserved CPUS = 4.5
  Reserved MEM = 260.5
  Reserved DISK = 4006.5
-----------------------------
Mesos Role:   dev-1-gcp-test-account-fredaaaakafka-role
  Reserved CPUS = 1.5
  Reserved MEM = 2305.5
  Reserved DISK = 5001.5
-----------------------------
Mesos Role:   eng-user-marathon-role
  Reserved CPUS = 5.0
  Reserved MEM = 2051.0
  Reserved DISK = 16388.0
-----------------------------
Mesos Role:   2-gcp-test-accountdev-2-gcp-test-account-heidi-kafka-in-dcos-role
  Reserved CPUS = 1.5
  Reserved MEM = 2304.5
  Reserved DISK = 5000.5
-----------------------------
Mesos Role:   dev-1-gcp-test-account-kafka-34955728-role
  Reserved CPUS = 1.5
  Reserved MEM = 2049.5
  Reserved DISK = 2002.5

-----------------------------------------------------------------------------------------------------
Agent ID: 12e2ae05-98a2-4b6d-937c-4371fdbd9a47-S1    Hostname: 169.121.214.131
 Configured CPU = 56
 Configured MEM = 256653
 Configured DISK = 761987
 Configured GPUs = 0
-----------------------------
Mesos Role:   dev-1-gcp-test-account-kafka-84908869-role
  Reserved CPUS = 1.5
  Reserved MEM = 2049.5
  Reserved DISK = 2002.5
-----------------------------
Mesos Role:   dev-1-gcp-test-account-fredaaaakafka-role
  Reserved CPUS = 1.5
  Reserved MEM = 257.5
  Reserved DISK = 5001.5
-----------------------------
Mesos Role:   dev-1-gcp-test-account-kafka-94311636-role
  Reserved CPUS = 1.5
  Reserved MEM = 2049.5
  Reserved DISK = 2002.5
-----------------------------
Mesos Role:   dev-1-gcp-test-account-fred-role
  Reserved CPUS = 1.5
  Reserved MEM = 2305.5
  Reserved DISK = 5001.5
-----------------------------
Mesos Role:   dev-1-gcp-test-account-testaacc-role
  Reserved CPUS = 1.5
  Reserved MEM = 257.5
  Reserved DISK = 5001.5
-----------------------------
Mesos Role:   dev-1-gcp-test-account-kafka-37977946-role
  Reserved CPUS = 1.5
  Reserved MEM = 2049.5
  Reserved DISK = 2002.5
-----------------------------
Mesos Role:   eng-user-marathon-role
  Reserved CPUS = 3.0
  Reserved MEM = 2051.0
  Reserved DISK = 16387.0
-----------------------------
Mesos Role:   2-gcp-test-accountdev-2-gcp-test-account-heidi-kafka-in-dcos-role
  Reserved CPUS = 1.5
  Reserved MEM = 2305.5
  Reserved DISK = 5001.5

-----------------------------------------------------------------------------------------------------
Agent ID: 12e2ae05-98a2-4b6d-937c-4371fdbd9a47-S0    Hostname: 169.121.214.98
 Configured CPU = 56
 Configured MEM = 256653
 Configured DISK = 761987
 Configured GPUs = 0
-----------------------------
Mesos Role:   dev-1-gcp-test-account-kafka-84908869-role
  Reserved CPUS = 1.5
  Reserved MEM = 257.5
  Reserved DISK = 2001.0
-----------------------------
Mesos Role:   dev-marketplace-adamtestkafkamom-role
  Reserved CPUS = 1.5
  Reserved MEM = 257.5
  Reserved DISK = 5001.5
-----------------------------
Mesos Role:   dev-1-gcp-test-account-kafka-13677901-role
  Reserved CPUS = 4.5
  Reserved MEM = 16388.5
  Reserved DISK = 4006.5
-----------------------------
Mesos Role:   dev-1-gcp-test-account-kafka-94311636-role
  Reserved CPUS = 1.5
  Reserved MEM = 2049.5
  Reserved DISK = 2002.5
-----------------------------
Mesos Role:   dev-1-gcp-test-account-kafka-37977946-role
  Reserved CPUS = 1.5
  Reserved MEM = 257.5
  Reserved DISK = 2002.0
-----------------------------
Mesos Role:   dev-1-gcp-test-account-fredaaaakafka-role
  Reserved CPUS = 1.5
  Reserved MEM = 2305.5
  Reserved DISK = 5001.5
-----------------------------
Mesos Role:   dev-1-gcp-test-account-fred-role
  Reserved CPUS = 1.5
  Reserved MEM = 2305.5
  Reserved DISK = 5001.5
-----------------------------
Mesos Role:   dev-1-gcp-test-account-testaacc-role
  Reserved CPUS = 1.5
  Reserved MEM = 2305.5
  Reserved DISK = 5001.5
-----------------------------
Mesos Role:   eng-user-marathon-role
  Reserved CPUS = 7.0
  Reserved MEM = 2055.0
  Reserved DISK = 16391.0
-----------------------------
Mesos Role:   2-gcp-test-accountdev-2-gcp-test-account-heidi-kafka-in-dcos-role
  Reserved CPUS = 1.5
  Reserved MEM = 257.5
  Reserved DISK = 5000.0
-----------------------------
Mesos Role:   dev-1-gcp-test-account-kafka-34955728-role
  Reserved CPUS = 1.5
  Reserved MEM = 2049.5
  Reserved DISK = 2002.5
